  Framework.cpp
  AngleScene.cpp
  AvoidGameScene.cpp
  AvoidPlayer.cpp
  CannonBall.cpp
  CannonBallManager.cpp
  Circle.cpp
E:\SGA_WORK\WindowsAPI\Circle.cpp(15,41): warning C4244: '인수': 'double'에서 'int'(으)로 변환하면서 데이터가 손실될 수 있습니다.
E:\SGA_WORK\WindowsAPI\Circle.cpp(15,32): warning C4244: '인수': 'double'에서 'int'(으)로 변환하면서 데이터가 손실될 수 있습니다.
E:\SGA_WORK\WindowsAPI\Circle.cpp(15,24): warning C4244: '인수': 'double'에서 'int'(으)로 변환하면서 데이터가 손실될 수 있습니다.
E:\SGA_WORK\WindowsAPI\Circle.cpp(15,18): warning C4244: '인수': 'double'에서 'int'(으)로 변환하면서 데이터가 손실될 수 있습니다.
  Collision.cpp
  CollisionScene.cpp
  Line.cpp
E:\SGA_WORK\WindowsAPI\Line.cpp(16,30): warning C4244: '인수': 'double'에서 'int'(으)로 변환하면서 데이터가 손실될 수 있습니다.
E:\SGA_WORK\WindowsAPI\Line.cpp(16,21): warning C4244: '인수': 'double'에서 'int'(으)로 변환하면서 데이터가 손실될 수 있습니다.
E:\SGA_WORK\WindowsAPI\Line.cpp(17,24): warning C4244: '인수': 'double'에서 'int'(으)로 변환하면서 데이터가 손실될 수 있습니다.
E:\SGA_WORK\WindowsAPI\Line.cpp(17,17): warning C4244: '인수': 'double'에서 'int'(으)로 변환하면서 데이터가 손실될 수 있습니다.
  Main.cpp
  MainGame.cpp
  Math.cpp
  PaintScene.cpp
E:\SGA_WORK\WindowsAPI\PaintScene.cpp(93,36): warning C4244: '인수': 'double'에서 'int'(으)로 변환하면서 데이터가 손실될 수 있습니다.
E:\SGA_WORK\WindowsAPI\PaintScene.cpp(93,24): warning C4244: '인수': 'double'에서 'int'(으)로 변환하면서 데이터가 손실될 수 있습니다.
E:\SGA_WORK\WindowsAPI\PaintScene.cpp(94,30): warning C4244: '인수': 'double'에서 'int'(으)로 변환하면서 데이터가 손실될 수 있습니다.
E:\SGA_WORK\WindowsAPI\PaintScene.cpp(94,20): warning C4244: '인수': 'double'에서 'int'(으)로 변환하면서 데이터가 손실될 수 있습니다.
E:\SGA_WORK\WindowsAPI\PaintScene.cpp(110,48): warning C4244: '인수': 'double'에서 'int'(으)로 변환하면서 데이터가 손실될 수 있습니다.
E:\SGA_WORK\WindowsAPI\PaintScene.cpp(110,31): warning C4244: '인수': 'double'에서 'int'(으)로 변환하면서 데이터가 손실될 수 있습니다.
E:\SGA_WORK\WindowsAPI\PaintScene.cpp(111,42): warning C4244: '인수': 'double'에서 'int'(으)로 변환하면서 데이터가 손실될 수 있습니다.
E:\SGA_WORK\WindowsAPI\PaintScene.cpp(111,27): warning C4244: '인수': 'double'에서 'int'(으)로 변환하면서 데이터가 손실될 수 있습니다.
E:\SGA_WORK\WindowsAPI\PaintScene.cpp(114,79): warning C4244: '인수': 'double'에서 'int'(으)로 변환하면서 데이터가 손실될 수 있습니다.
E:\SGA_WORK\WindowsAPI\PaintScene.cpp(114,64): warning C4244: '인수': 'double'에서 'int'(으)로 변환하면서 데이터가 손실될 수 있습니다.
E:\SGA_WORK\WindowsAPI\PaintScene.cpp(114,49): warning C4244: '인수': 'double'에서 'int'(으)로 변환하면서 데이터가 손실될 수 있습니다.
E:\SGA_WORK\WindowsAPI\PaintScene.cpp(114,32): warning C4244: '인수': 'double'에서 'int'(으)로 변환하면서 데이터가 손실될 수 있습니다.
E:\SGA_WORK\WindowsAPI\PaintScene.cpp(117,77): warning C4244: '인수': 'double'에서 'int'(으)로 변환하면서 데이터가 손실될 수 있습니다.
E:\SGA_WORK\WindowsAPI\PaintScene.cpp(117,62): warning C4244: '인수': 'double'에서 'int'(으)로 변환하면서 데이터가 손실될 수 있습니다.
E:\SGA_WORK\WindowsAPI\PaintScene.cpp(117,47): warning C4244: '인수': 'double'에서 'int'(으)로 변환하면서 데이터가 손실될 수 있습니다.
E:\SGA_WORK\WindowsAPI\PaintScene.cpp(117,30): warning C4244: '인수': 'double'에서 'int'(으)로 변환하면서 데이터가 손실될 수 있습니다.
E:\SGA_WORK\WindowsAPI\PaintScene.cpp(195,37): warning C4244: '인수': 'double'에서 'int'(으)로 변환하면서 데이터가 손실될 수 있습니다.
E:\SGA_WORK\WindowsAPI\PaintScene.cpp(195,25): warning C4244: '인수': 'double'에서 'int'(으)로 변환하면서 데이터가 손실될 수 있습니다.
E:\SGA_WORK\WindowsAPI\PaintScene.cpp(196,35): warning C4244: '인수': 'double'에서 'int'(으)로 변환하면서 데이터가 손실될 수 있습니다.
E:\SGA_WORK\WindowsAPI\PaintScene.cpp(196,23): warning C4244: '인수': 'double'에서 'int'(으)로 변환하면서 데이터가 손실될 수 있습니다.
E:\SGA_WORK\WindowsAPI\PaintScene.cpp(199,62): warning C4244: '인수': 'double'에서 'int'(으)로 변환하면서 데이터가 손실될 수 있습니다.
E:\SGA_WORK\WindowsAPI\PaintScene.cpp(199,50): warning C4244: '인수': 'double'에서 'int'(으)로 변환하면서 데이터가 손실될 수 있습니다.
E:\SGA_WORK\WindowsAPI\PaintScene.cpp(199,38): warning C4244: '인수': 'double'에서 'int'(으)로 변환하면서 데이터가 손실될 수 있습니다.
E:\SGA_WORK\WindowsAPI\PaintScene.cpp(199,26): warning C4244: '인수': 'double'에서 'int'(으)로 변환하면서 데이터가 손실될 수 있습니다.
E:\SGA_WORK\WindowsAPI\PaintScene.cpp(202,60): warning C4244: '인수': 'double'에서 'int'(으)로 변환하면서 데이터가 손실될 수 있습니다.
E:\SGA_WORK\WindowsAPI\PaintScene.cpp(202,48): warning C4244: '인수': 'double'에서 'int'(으)로 변환하면서 데이터가 손실될 수 있습니다.
E:\SGA_WORK\WindowsAPI\PaintScene.cpp(202,36): warning C4244: '인수': 'double'에서 'int'(으)로 변환하면서 데이터가 손실될 수 있습니다.
E:\SGA_WORK\WindowsAPI\PaintScene.cpp(202,24): warning C4244: '인수': 'double'에서 'int'(으)로 변환하면서 데이터가 손실될 수 있습니다.
  Point.cpp
  Poo.cpp
  Rect.cpp
E:\SGA_WORK\WindowsAPI\Rect.cpp(24,47): warning C4244: '인수': 'double'에서 'int'(으)로 변환하면서 데이터가 손실될 수 있습니다.
E:\SGA_WORK\WindowsAPI\Rect.cpp(24,37): warning C4244: '인수': 'double'에서 'int'(으)로 변환하면서 데이터가 손실될 수 있습니다.
E:\SGA_WORK\WindowsAPI\Rect.cpp(24,28): warning C4244: '인수': 'double'에서 'int'(으)로 변환하면서 데이터가 손실될 수 있습니다.
E:\SGA_WORK\WindowsAPI\Rect.cpp(24,21): warning C4244: '인수': 'double'에서 'int'(으)로 변환하면서 데이터가 손실될 수 있습니다.
  Tank.cpp
  TutorialScene.cpp
E:\SGA_WORK\WindowsAPI\TutorialScene.cpp(47,43): warning C4244: '인수': 'double'에서 'int'(으)로 변환하면서 데이터가 손실될 수 있습니다.
E:\SGA_WORK\WindowsAPI\TutorialScene.cpp(47,31): warning C4244: '인수': 'double'에서 'int'(으)로 변환하면서 데이터가 손실될 수 있습니다.
  Vector2.cpp
  코드를 생성하고 있습니다...
  28_WindowsAPI.vcxproj -> E:\SGA_WORK\WindowsAPI\Debug\28_WindowsAPI.exe
